2016/08/25 12:20:46 heroku-cli/5.2.39-010a227 (linux-amd64) go1.6.2 /home/neeeb/.local/share/heroku/cli/bin/heroku cmd: version
2016/08/25 12:20:46 triggering background update
2016/08/25 12:20:46 heroku-cli/5.2.39-010a227 (linux-amd64) go1.6.2 /home/neeeb/.local/share/heroku/cli/bin/heroku cmd: update
2016/08/25 12:20:46 heroku-cli/5.2.39-010a227 (linux-amd64) go1.6.2 /home/neeeb/.local/share/heroku/cli/bin/heroku cmd: commands
2016/08/25 12:20:46 heroku-cli/5.2.39-010a227 (linux-amd64) go1.6.2 /home/neeeb/.local/share/heroku/cli/bin/heroku cmd: version
2016/08/25 12:20:46 heroku-cli/5.2.39-010a227 (linux-amd64) go1.6.2 /home/neeeb/.local/share/heroku/cli/bin/heroku cmd: plugins
2016/08/25 12:21:16 heroku-cli/5.2.39-010a227 (linux-amd64) go1.6.2 /home/neeeb/.local/share/heroku/cli/bin/heroku cmd: version
2016/08/25 12:21:16 heroku-cli/5.2.39-010a227 (linux-amd64) go1.6.2 /home/neeeb/.local/share/heroku/cli/bin/heroku cmd: commands
2016/08/25 12:21:16 heroku-cli/5.2.39-010a227 (linux-amd64) go1.6.2 /home/neeeb/.local/share/heroku/cli/bin/heroku cmd: keys:add
2016/08/25 12:21:16 Email: 
2016/08/25 12:21:34  ▸    Authentication failed.
 ▸    Email or password is not valid.
 ▸    Check your credentials on https://dashboard.heroku.com
2016/08/25 12:21:40 heroku-cli/5.2.39-010a227 (linux-amd64) go1.6.2 /home/neeeb/.local/share/heroku/cli/bin/heroku cmd: version
2016/08/25 12:21:40 heroku-cli/5.2.39-010a227 (linux-amd64) go1.6.2 /home/neeeb/.local/share/heroku/cli/bin/heroku cmd: commands
2016/08/25 12:21:40 heroku-cli/5.2.39-010a227 (linux-amd64) go1.6.2 /home/neeeb/.local/share/heroku/cli/bin/heroku cmd: keys:add
2016/08/25 12:21:40 Email: 
2016/08/25 12:32:20 heroku-cli/5.2.39-010a227 (linux-amd64) go1.6.2 /home/neeeb/.local/share/heroku/cli/bin/heroku cmd: version
2016/08/25 12:32:20 heroku-cli/5.2.39-010a227 (linux-amd64) go1.6.2 /home/neeeb/.local/share/heroku/cli/bin/heroku cmd: commands
2016/08/25 12:32:20 heroku-cli/5.2.39-010a227 (linux-amd64) go1.6.2 /home/neeeb/.local/share/heroku/cli/bin/heroku cmd: create
2016/08/25 12:40:15 heroku-cli/5.2.39-010a227 (linux-amd64) go1.6.2 /home/neeeb/.local/share/heroku/cli/bin/heroku cmd: version
2016/08/25 12:40:15 heroku-cli/5.2.39-010a227 (linux-amd64) go1.6.2 /home/neeeb/.local/share/heroku/cli/bin/heroku cmd: commands
2016/08/25 12:40:15 heroku-cli/5.2.39-010a227 (linux-amd64) go1.6.2 /home/neeeb/.local/share/heroku/cli/bin/heroku cmd: run
2016/08/25 12:40:31 heroku-cli/5.2.39-010a227 (linux-amd64) go1.6.2 /home/neeeb/.local/share/heroku/cli/bin/heroku cmd: version
2016/08/25 12:40:31 heroku-cli/5.2.39-010a227 (linux-amd64) go1.6.2 /home/neeeb/.local/share/heroku/cli/bin/heroku cmd: commands
2016/08/25 12:40:31 heroku-cli/5.2.39-010a227 (linux-amd64) go1.6.2 /home/neeeb/.local/share/heroku/cli/bin/heroku cmd: open
2016/08/25 12:40:46 heroku-cli/5.2.39-010a227 (linux-amd64) go1.6.2 /home/neeeb/.local/share/heroku/cli/bin/heroku cmd: version
2016/08/25 12:40:46 heroku-cli/5.2.39-010a227 (linux-amd64) go1.6.2 /home/neeeb/.local/share/heroku/cli/bin/heroku cmd: commands
2016/08/25 12:40:46 heroku-cli/5.2.39-010a227 (linux-amd64) go1.6.2 /home/neeeb/.local/share/heroku/cli/bin/heroku cmd: info
